0 info it worked if it ends with ok
1 verbose cli [ '/Users/nic/.nvm/versions/io.js/v2.5.0/bin/iojs',
1 verbose cli   '/Users/nic/.nvm/versions/io.js/v2.5.0/bin/npm',
1 verbose cli   'publish',
1 verbose cli   './' ]
2 info using npm@2.14.2
3 info using node@v2.5.0
4 verbose publish [ './' ]
5 silly cache add args [ './', null ]
6 verbose cache add spec ./
7 silly cache add parsed spec { raw: './',
7 silly cache add   scope: null,
7 silly cache add   name: null,
7 silly cache add   rawSpec: './',
7 silly cache add   spec: '/Users/nic/Documents/code/bitbucket/react-native-i18n',
7 silly cache add   type: 'directory' }
8 verbose addLocalDirectory /Users/nic/.npm/react-native-i18n-complete/0.0.12/package.tgz not in flight; packing
9 verbose tar pack [ '/Users/nic/.npm/react-native-i18n-complete/0.0.12/package.tgz',
9 verbose tar pack   '/Users/nic/Documents/code/bitbucket/react-native-i18n' ]
10 verbose tarball /Users/nic/.npm/react-native-i18n-complete/0.0.12/package.tgz
11 verbose folder /Users/nic/Documents/code/bitbucket/react-native-i18n
12 info prepublish react-native-i18n-complete@0.0.12
13 verbose addLocalTarball adding from inside cache /Users/nic/.npm/react-native-i18n-complete/0.0.12/package.tgz
14 silly cache afterAdd react-native-i18n-complete@0.0.12
15 verbose afterAdd /Users/nic/.npm/react-native-i18n-complete/0.0.12/package/package.json not in flight; writing
16 verbose afterAdd /Users/nic/.npm/react-native-i18n-complete/0.0.12/package/package.json written
17 silly publish { name: 'react-native-i18n-complete',
17 silly publish   version: '0.0.12',
17 silly publish   description: 'React Native and I18n.js integration',
17 silly publish   main: 'index.js',
17 silly publish   scripts: { test: 'echo "Error: no test specified" && exit 1' },
17 silly publish   repository: { type: 'git', url: 'github.com:mrKlar/react-native-i18n.git' },
17 silly publish   keywords: [ 'react-native', 'react-component', 'ios', 'android', 'i18n' ],
17 silly publish   author: { name: 'Alexander Zaytsev Nicolas Desjardins' },
17 silly publish   license: 'MIT',
17 silly publish   devDependencies: { 'react-native': '^0.5.0' },
17 silly publish   peerDependencies: { 'react-native': '>=0.4.0 <1.0.0' },
17 silly publish   readme: '# react-native-i18n\n\nIntegrates [I18n.js](https://github.com/fnando/i18n-js) with React Native. Uses the device\'s locale as default.\n\n## Installation\n\n`$ npm install react-native-i18n --save`\n\nAdd `RNI18n.xcodeproj` to **Libraries** and add `libRNI18n.a` to **Link Binary With Libraries** under **Build Phases**. [More info and screenshots about how to do this is available in the React Native documentation](http://facebook.github.io/react-native/docs/linking-libraries.html).\n\n## Usage\n\n```js\nvar I18n = require(\'react-native-i18n\');\n\nvar Demo = React.createClass({\n  render: function() {\n    return (\n      <Text>{I18n.t(\'greeting\')}</Text>\n    )\n  }\n});\n\n// Enable fallbacks if you want `en-US` and `en-GB` to fallback to `en`\nI18n.fallbacks = true;\n\nI18n.translations = {\n  en: {\n    greeting: \'Hi!\'\n  },\n  fr: {\n    greeting: \'Bonjour!\'\n  }\n}\n```\n\nThis will render `Hi!` for devices with the English locale, and `Bonjour!` for devices with the French locale.\n\n### Fallbacks\nWhen fallbacks are enabled (which is generally recommended), `i18n.js` will try to look up translations in the following order (for a device with `en_US` locale):\n- en-US\n- en\n\n**Note**: iOS locales use underscored (`en_US`) but `i18n.js` locales are dasherized (`en-US`). This conversion is done automatically for you.\n```js\nI18n.fallbacks = true;\n\nI18n.translations = {\n  \'en\': {\n    greeting: \'Hi!\'\n  },\n  \'en-GB\': {\n    greeting: \'Hi from the UK!\'\n  }\n}\n```\nFor a device with a `en_GB` locale this will return `Hi from the UK!\'`, for a device with a `en_US` locale it will return `Hi!`.\n\n### Device\'s locale\nYou can get the device\'s locale with the `RNI18n` native module:\n\n```js\nvar deviceLocale = require(\'react-native\').NativeModules.RNI18n.locale\n```\nReturns `en_US`.\n\n### I18n.js documentation\nFor more info about I18n.js methods (`localize`, `pluralize`, etc) and settings see [its documentation](https://github.com/fnando/i18n-js#setting-up).\n\n## Licence\nMIT\n',
17 silly publish   readmeFilename: 'README.md',
17 silly publish   gitHead: '3cf561a918d100c2ff6f35fe449c40020473922e',
17 silly publish   _id: 'react-native-i18n-complete@0.0.12',
17 silly publish   _shasum: '33ef540609c57dc7534a162391e2db289747a5c8',
17 silly publish   _from: '.' }
18 verbose getPublishConfig undefined
19 silly mapToRegistry name react-native-i18n-complete
20 silly mapToRegistry using default registry
21 silly mapToRegistry registry https://registry.npmjs.org/
22 silly mapToRegistry uri https://registry.npmjs.org/react-native-i18n-complete
23 verbose publish registryBase https://registry.npmjs.org/
24 silly publish uploading /Users/nic/.npm/react-native-i18n-complete/0.0.12/package.tgz
25 verbose request uri https://registry.npmjs.org/react-native-i18n-complete
26 verbose request sending authorization for write operation
27 info attempt registry request try #1 at 13:10:45
28 verbose request using bearer token for auth
29 verbose request id f6f36012d46cb2dc
30 http request PUT https://registry.npmjs.org/react-native-i18n-complete
31 http 403 https://registry.npmjs.org/react-native-i18n-complete
32 verbose headers { 'content-type': 'application/json',
32 verbose headers   'cache-control': 'max-age=60',
32 verbose headers   'content-length': '96',
32 verbose headers   'accept-ranges': 'bytes',
32 verbose headers   date: 'Sun, 04 Oct 2015 17:10:46 GMT',
32 verbose headers   via: '1.1 varnish',
32 verbose headers   connection: 'keep-alive',
32 verbose headers   'x-served-by': 'cache-iad2130-IAD',
32 verbose headers   'x-cache': 'MISS',
32 verbose headers   'x-cache-hits': '0',
32 verbose headers   'x-timer': 'S1443978645.678874,VS0,VE829' }
33 verbose request invalidating /Users/nic/.npm/registry.npmjs.org/react-native-i18n-complete on PUT
34 error publish Failed PUT 403
35 verbose stack Error: "You cannot publish over the previously published version 0.0.12." : react-native-i18n-complete
35 verbose stack     at makeError (/Users/nic/.nvm/versions/io.js/v2.5.0/lib/node_modules/npm/node_modules/npm-registry-client/lib/request.js:263:12)
35 verbose stack     at CachingRegistryClient.<anonymous> (/Users/nic/.nvm/versions/io.js/v2.5.0/lib/node_modules/npm/node_modules/npm-registry-client/lib/request.js:251:14)
35 verbose stack     at Request._callback (/Users/nic/.nvm/versions/io.js/v2.5.0/lib/node_modules/npm/node_modules/npm-registry-client/lib/request.js:171:14)
35 verbose stack     at Request.self.callback (/Users/nic/.nvm/versions/io.js/v2.5.0/lib/node_modules/npm/node_modules/request/request.js:198:22)
35 verbose stack     at emitTwo (events.js:87:13)
35 verbose stack     at Request.emit (events.js:172:7)
35 verbose stack     at Request.<anonymous> (/Users/nic/.nvm/versions/io.js/v2.5.0/lib/node_modules/npm/node_modules/request/request.js:1073:14)
35 verbose stack     at emitOne (events.js:82:20)
35 verbose stack     at Request.emit (events.js:169:7)
35 verbose stack     at IncomingMessage.<anonymous> (/Users/nic/.nvm/versions/io.js/v2.5.0/lib/node_modules/npm/node_modules/request/request.js:1019:12)
36 verbose statusCode 403
37 verbose pkgid react-native-i18n-complete
38 verbose cwd /Users/nic/Documents/code/bitbucket/react-native-i18n
39 error Darwin 15.0.0
40 error argv "/Users/nic/.nvm/versions/io.js/v2.5.0/bin/iojs" "/Users/nic/.nvm/versions/io.js/v2.5.0/bin/npm" "publish" "./"
41 error node v2.5.0
42 error npm  v2.14.2
43 error code E403
44 error "You cannot publish over the previously published version 0.0.12." : react-native-i18n-complete
45 error If you need help, you may report this error at:
45 error     <https://github.com/npm/npm/issues>
46 verbose exit [ 1, true ]
